#################################################################
# If you used AutoDock Vina in your work, please cite:          #
#                                                               #
# O. Trott, A. J. Olson,                                        #
# AutoDock Vina: improving the speed and accuracy of docking    #
# with a new scoring function, efficient optimization and       #
# multithreading, Journal of Computational Chemistry 31 (2010)  #
# 455-461                                                       #
#                                                               #
# DOI 10.1002/jcc.21334                                         #
#                                                               #
# Please see http://vina.scripps.edu for more information.      #
#################################################################

WARNING: The search space volume > 27000 Angstrom^3 (See FAQ)
Output will be 4_COMPOUND_CID_194701_out.pdbqt
Detected 8 CPUs
Reading input ... done.
Setting up the scoring function ... done.
Analyzing the binding site ... done.
Using random seed: 361434080
Performing search ... done.
Refining results ... done.

mode |   affinity | dist from best mode
     | (kcal/mol) | rmsd l.b.| rmsd u.b.
-----+------------+----------+----------
   1         -9.5      0.000      0.000
   2         -9.4      2.513      3.523
   3         -8.1      3.361      8.906
   4         -8.0     10.939     13.251
   5         -7.9     10.039     12.895
   6         -7.8     10.789     13.179
   7         -7.8     11.616     14.168
   8         -7.7      5.464     10.201
   9         -7.6      5.726     10.586
  10         -7.6      8.182     10.465
Writing output ... done.
